# Logfile created on Mon Apr 26 01:34:05 -0400 2010  [4;36;1mSQL (0.1ms)[0m   [0;1mSET SQL_AUTO_IS_NULL=0[0m
  [4;35;1mSQL (0.1ms)[0m   [0mBEGIN[0m
REQUESTING PAGE: GET /articles/new with {} and HTTP headers {}


Processing ArticlesController#new (for 127.0.0.1 at 2010-04-26 01:34:06) [GET]
  [4;36;1mArticle Columns (2.1ms)[0m   [0;1mSHOW FIELDS FROM `articles`[0m
Rendering template within layouts/articles
Rendering articles/new
Completed in 39ms (View: 32, DB: 4) | 200 OK [http://www.example.com/articles/new]
REQUESTING PAGE: POST /articles with {"article"=>{"author"=>"author 1", "title"=>"title 1", "published"=>"0", "content"=>"content 1", "brief"=>"brief 1"}, "commit"=>"Create"} and HTTP headers {"HTTP_REFERER"=>"/articles/new"}


Processing ArticlesController#create (for 127.0.0.1 at 2010-04-26 01:34:06) [POST]
  Parameters: {"article"=>{"title"=>"title 1", "author"=>"author 1", "published"=>"0", "content"=>"content 1", "brief"=>"brief 1"}, "commit"=>"Create"}
  [4;35;1mSQL (0.1ms)[0m   [0mSAVEPOINT active_record_1[0m
  [4;36;1mArticle Create (0.2ms)[0m   [0;1mINSERT INTO `articles` (`created_at`, `title`, `author`, `published`, `updated_at`, `content`, `brief`) VALUES('2010-04-26 05:34:06', 'title 1', 'author 1', 0, '2010-04-26 05:34:06', 'content 1', 'brief 1')[0m
  [4;35;1mSQL (0.1ms)[0m   [0mRELEASE SAVEPOINT active_record_1[0m
Redirected to http://www.example.com/articles/2
Completed in 5ms (DB: 1) | 302 Found [http://www.example.com/articles]
REQUESTING PAGE: GET http://www.example.com/articles/2 with {} and HTTP headers {"HTTP_REFERER"=>"/articles"}


Processing ArticlesController#show (for 127.0.0.1 at 2010-04-26 01:34:06) [GET]
  Parameters: {"id"=>"2"}
  [4;36;1mArticle Load (0.3ms)[0m   [0;1mSELECT * FROM `articles` WHERE (`articles`.`id` = 2) [0m
Rendering template within layouts/articles
Rendering articles/show
Completed in 5ms (View: 3, DB: 1) | 200 OK [http://www.example.com/articles/2]
  [4;35;1mSQL (0.7ms)[0m   [0mROLLBACK[0m
  [4;36;1mSQL (0.1ms)[0m   [0;1mBEGIN[0m
  [4;35;1mSQL (0.1ms)[0m   [0mSAVEPOINT active_record_1[0m
  [4;36;1mArticle Create (0.2ms)[0m   [0;1mINSERT INTO `articles` (`created_at`, `title`, `author`, `published`, `updated_at`, `content`, `brief`) VALUES('2010-04-26 05:34:06', 'title 1', 'author 1', 0, '2010-04-26 05:34:06', 'content 1', 'brief 1')[0m
  [4;35;1mSQL (0.1ms)[0m   [0mRELEASE SAVEPOINT active_record_1[0m
  [4;36;1mSQL (0.1ms)[0m   [0;1mSAVEPOINT active_record_1[0m
  [4;35;1mArticle Create (0.2ms)[0m   [0mINSERT INTO `articles` (`created_at`, `title`, `author`, `published`, `updated_at`, `content`, `brief`) VALUES('2010-04-26 05:34:06', 'title 2', 'author 2', 1, '2010-04-26 05:34:06', 'content 2', 'brief 2')[0m
  [4;36;1mSQL (0.1ms)[0m   [0;1mRELEASE SAVEPOINT active_record_1[0m
  [4;35;1mSQL (0.1ms)[0m   [0mSAVEPOINT active_record_1[0m
  [4;36;1mArticle Create (0.1ms)[0m   [0;1mINSERT INTO `articles` (`created_at`, `title`, `author`, `published`, `updated_at`, `content`, `brief`) VALUES('2010-04-26 05:34:06', 'title 3', 'author 3', 0, '2010-04-26 05:34:06', 'content 3', 'brief 3')[0m
  [4;35;1mSQL (0.1ms)[0m   [0mRELEASE SAVEPOINT active_record_1[0m
  [4;36;1mSQL (0.1ms)[0m   [0;1mSAVEPOINT active_record_1[0m
  [4;35;1mArticle Create (0.2ms)[0m   [0mINSERT INTO `articles` (`created_at`, `title`, `author`, `published`, `updated_at`, `content`, `brief`) VALUES('2010-04-26 05:34:06', 'title 4', 'author 4', 1, '2010-04-26 05:34:06', 'content 4', 'brief 4')[0m
  [4;36;1mSQL (0.1ms)[0m   [0;1mRELEASE SAVEPOINT active_record_1[0m
REQUESTING PAGE: GET http://www.example.com/articles with {} and HTTP headers {}


Processing ArticlesController#index (for 127.0.0.1 at 2010-04-26 01:34:06) [GET]
  [4;35;1mArticle Load (0.3ms)[0m   [0mSELECT * FROM `articles` [0m
Rendering template within layouts/articles
Rendering articles/index
Completed in 14ms (View: 12, DB: 3) | 200 OK [http://www.example.com/articles]
REQUESTING PAGE: DELETE /articles/5 with {} and HTTP headers {"HTTP_REFERER"=>"http://www.example.com/articles"}


Processing ArticlesController#destroy (for 127.0.0.1 at 2010-04-26 01:34:06) [DELETE]
  Parameters: {"id"=>"5"}
  [4;36;1mArticle Load (0.3ms)[0m   [0;1mSELECT * FROM `articles` WHERE (`articles`.`id` = 5) [0m
  [4;35;1mSQL (0.1ms)[0m   [0mSAVEPOINT active_record_1[0m
  [4;36;1mArticle Destroy (0.2ms)[0m   [0;1mDELETE FROM `articles` WHERE `id` = 5[0m
  [4;35;1mSQL (0.1ms)[0m   [0mRELEASE SAVEPOINT active_record_1[0m
Redirected to http://www.example.com/articles
Completed in 3ms (DB: 1) | 302 Found [http://www.example.com/articles/5]
REQUESTING PAGE: GET http://www.example.com/articles with {} and HTTP headers {"HTTP_REFERER"=>"/articles/5"}


Processing ArticlesController#index (for 127.0.0.1 at 2010-04-26 01:34:06) [GET]
  [4;36;1mArticle Load (0.3ms)[0m   [0;1mSELECT * FROM `articles` [0m
Rendering template within layouts/articles
Rendering articles/index
Completed in 11ms (View: 9, DB: 1) | 200 OK [http://www.example.com/articles]
  [4;35;1mSQL (1.3ms)[0m   [0mROLLBACK[0m
  [4;36;1mSQL (0.2ms)[0m   [0;1mSET SQL_AUTO_IS_NULL=0[0m
  [4;35;1mSQL (0.2ms)[0m   [0mBEGIN[0m
REQUESTING PAGE: GET /articles/new with {} and HTTP headers {}


Processing ArticlesController#new (for 127.0.0.1 at 2010-04-26 01:34:09) [GET]
  [4;36;1mArticle Columns (2.1ms)[0m   [0;1mSHOW FIELDS FROM `articles`[0m
Rendering template within layouts/articles
Rendering articles/new
Completed in 39ms (View: 32, DB: 4) | 200 OK [http://www.example.com/articles/new]
REQUESTING PAGE: POST /articles with {"article"=>{"author"=>"author 1", "title"=>"title 1", "published"=>"0", "content"=>"content 1", "brief"=>"brief 1"}, "commit"=>"Create"} and HTTP headers {"HTTP_REFERER"=>"/articles/new"}


Processing ArticlesController#create (for 127.0.0.1 at 2010-04-26 01:34:09) [POST]
  Parameters: {"article"=>{"title"=>"title 1", "author"=>"author 1", "published"=>"0", "content"=>"content 1", "brief"=>"brief 1"}, "commit"=>"Create"}
  [4;35;1mSQL (0.1ms)[0m   [0mSAVEPOINT active_record_1[0m
  [4;36;1mArticle Create (0.2ms)[0m   [0;1mINSERT INTO `articles` (`created_at`, `title`, `author`, `published`, `updated_at`, `content`, `brief`) VALUES('2010-04-26 05:34:09', 'title 1', 'author 1', 0, '2010-04-26 05:34:09', 'content 1', 'brief 1')[0m
  [4;35;1mSQL (0.1ms)[0m   [0mRELEASE SAVEPOINT active_record_1[0m
Redirected to http://www.example.com/articles/7
Completed in 5ms (DB: 1) | 302 Found [http://www.example.com/articles]
REQUESTING PAGE: GET http://www.example.com/articles/7 with {} and HTTP headers {"HTTP_REFERER"=>"/articles"}


Processing ArticlesController#show (for 127.0.0.1 at 2010-04-26 01:34:09) [GET]
  Parameters: {"id"=>"7"}
  [4;36;1mArticle Load (0.3ms)[0m   [0;1mSELECT * FROM `articles` WHERE (`articles`.`id` = 7) [0m
Rendering template within layouts/articles
Rendering articles/show
Completed in 5ms (View: 3, DB: 1) | 200 OK [http://www.example.com/articles/7]
  [4;35;1mSQL (3.4ms)[0m   [0mROLLBACK[0m
  [4;36;1mSQL (0.1ms)[0m   [0;1mBEGIN[0m
  [4;35;1mSQL (0.2ms)[0m   [0mSAVEPOINT active_record_1[0m
  [4;36;1mArticle Create (3.0ms)[0m   [0;1mINSERT INTO `articles` (`created_at`, `title`, `author`, `published`, `updated_at`, `content`, `brief`) VALUES('2010-04-26 05:34:09', 'title 1', 'author 1', 0, '2010-04-26 05:34:09', 'content 1', 'brief 1')[0m
  [4;35;1mSQL (0.1ms)[0m   [0mRELEASE SAVEPOINT active_record_1[0m
  [4;36;1mSQL (0.1ms)[0m   [0;1mSAVEPOINT active_record_1[0m
  [4;35;1mArticle Create (0.2ms)[0m   [0mINSERT INTO `articles` (`created_at`, `title`, `author`, `published`, `updated_at`, `content`, `brief`) VALUES('2010-04-26 05:34:09', 'title 2', 'author 2', 1, '2010-04-26 05:34:09', 'content 2', 'brief 2')[0m
  [4;36;1mSQL (0.1ms)[0m   [0;1mRELEASE SAVEPOINT active_record_1[0m
  [4;35;1mSQL (0.1ms)[0m   [0mSAVEPOINT active_record_1[0m
  [4;36;1mArticle Create (0.3ms)[0m   [0;1mINSERT INTO `articles` (`created_at`, `title`, `author`, `published`, `updated_at`, `content`, `brief`) VALUES('2010-04-26 05:34:09', 'title 3', 'author 3', 0, '2010-04-26 05:34:09', 'content 3', 'brief 3')[0m
  [4;35;1mSQL (0.1ms)[0m   [0mRELEASE SAVEPOINT active_record_1[0m
  [4;36;1mSQL (0.1ms)[0m   [0;1mSAVEPOINT active_record_1[0m
  [4;35;1mArticle Create (0.8ms)[0m   [0mINSERT INTO `articles` (`created_at`, `title`, `author`, `published`, `updated_at`, `content`, `brief`) VALUES('2010-04-26 05:34:09', 'title 4', 'author 4', 1, '2010-04-26 05:34:09', 'content 4', 'brief 4')[0m
  [4;36;1mSQL (0.1ms)[0m   [0;1mRELEASE SAVEPOINT active_record_1[0m
REQUESTING PAGE: GET http://www.example.com/articles with {} and HTTP headers {}


Processing ArticlesController#index (for 127.0.0.1 at 2010-04-26 01:34:09) [GET]
  [4;35;1mArticle Load (0.3ms)[0m   [0mSELECT * FROM `articles` [0m
Rendering template within layouts/articles
Rendering articles/index
Completed in 13ms (View: 11, DB: 10) | 200 OK [http://www.example.com/articles]
REQUESTING PAGE: DELETE /articles/10 with {} and HTTP headers {"HTTP_REFERER"=>"http://www.example.com/articles"}


Processing ArticlesController#destroy (for 127.0.0.1 at 2010-04-26 01:34:09) [DELETE]
  Parameters: {"id"=>"10"}
  [4;36;1mArticle Load (0.3ms)[0m   [0;1mSELECT * FROM `articles` WHERE (`articles`.`id` = 10) [0m
  [4;35;1mSQL (0.1ms)[0m   [0mSAVEPOINT active_record_1[0m
  [4;36;1mArticle Destroy (0.2ms)[0m   [0;1mDELETE FROM `articles` WHERE `id` = 10[0m
  [4;35;1mSQL (0.1ms)[0m   [0mRELEASE SAVEPOINT active_record_1[0m
Redirected to http://www.example.com/articles
Completed in 3ms (DB: 1) | 302 Found [http://www.example.com/articles/10]
REQUESTING PAGE: GET http://www.example.com/articles with {} and HTTP headers {"HTTP_REFERER"=>"/articles/10"}


Processing ArticlesController#index (for 127.0.0.1 at 2010-04-26 01:34:09) [GET]
  [4;36;1mArticle Load (0.3ms)[0m   [0;1mSELECT * FROM `articles` [0m
Rendering template within layouts/articles
Rendering articles/index
Completed in 11ms (View: 9, DB: 1) | 200 OK [http://www.example.com/articles]
  [4;35;1mSQL (0.6ms)[0m   [0mROLLBACK[0m
